<?xml version="1.0" encoding="UTF-8"?>
<testng-results ignored="0" total="2" passed="2" failed="0" skipped="0">
  <reporter-output>
  </reporter-output>
  <suite started-at="2025-05-25T20:19:08 IST" name="Default suite" finished-at="2025-05-25T20:19:15 IST" duration-ms="6650">
    <groups>
    </groups>
    <test started-at="2025-05-25T20:19:08 IST" name="Default test" finished-at="2025-05-25T20:19:15 IST" duration-ms="6650">
      <class name="selenium.Login">
        <test-method is-config="true" signature="webDriverIntialize()[pri:0, instance:selenium.Login@3857f613]" started-at="2025-05-25T20:19:08 IST" name="webDriverIntialize" finished-at="2025-05-25T20:19:15 IST" duration-ms="6228" status="PASS">
          <reporter-output>
          </reporter-output>
        </test-method> <!-- webDriverIntialize -->
        <test-method signature="test()[pri:0, instance:selenium.Login@3857f613]" started-at="2025-05-25T20:19:15 IST" name="test" finished-at="2025-05-25T20:19:15 IST" duration-ms="137" status="PASS">
          <reporter-output>
          </reporter-output>
        </test-method> <!-- test -->
        <test-method signature="test2()[pri:0, instance:selenium.Login@3857f613]" started-at="2025-05-25T20:19:15 IST" name="test2" finished-at="2025-05-25T20:19:15 IST" duration-ms="5" status="PASS">
          <reporter-output>
          </reporter-output>
        </test-method> <!-- test2 -->
        <test-method is-config="true" signature="closetest()[pri:0, instance:selenium.Login@3857f613]" started-at="2025-05-25T20:19:15 IST" name="closetest" finished-at="2025-05-25T20:19:15 IST" duration-ms="238" status="PASS">
          <reporter-output>
          </reporter-output>
        </test-method> <!-- closetest -->
      </class> <!-- selenium.Login -->
    </test> <!-- Default test -->
  </suite> <!-- Default suite -->
</testng-results>
