<?xml version="1.0" encoding="UTF-8"?>
<testng-results ignored="0" total="2" passed="2" failed="0" skipped="0">
  <reporter-output>
  </reporter-output>
  <suite started-at="2025-05-25T20:59:50 IST" name="Default suite" finished-at="2025-05-25T21:00:05 IST" duration-ms="14985">
    <groups>
    </groups>
    <test started-at="2025-05-25T20:59:50 IST" name="Default test" finished-at="2025-05-25T21:00:05 IST" duration-ms="14985">
      <class name="selenium.Login">
        <test-method is-config="true" signature="webDriverIntialize()[pri:0, instance:selenium.Login@3c9754d8]" started-at="2025-05-25T20:59:50 IST" name="webDriverIntialize" finished-at="2025-05-25T21:00:02 IST" duration-ms="12478" status="PASS">
          <reporter-output>
          </reporter-output>
        </test-method> <!-- webDriverIntialize -->
        <test-method signature="test()[pri:0, instance:selenium.Login@3c9754d8]" started-at="2025-05-25T21:00:02 IST" name="test" finished-at="2025-05-25T21:00:04 IST" duration-ms="1736" status="PASS">
          <reporter-output>
          </reporter-output>
        </test-method> <!-- test -->
        <test-method signature="test2()[pri:0, instance:selenium.Login@3c9754d8]" started-at="2025-05-25T21:00:04 IST" name="test2" finished-at="2025-05-25T21:00:04 IST" duration-ms="32" status="PASS">
          <reporter-output>
          </reporter-output>
        </test-method> <!-- test2 -->
        <test-method is-config="true" signature="closetest()[pri:0, instance:selenium.Login@3c9754d8]" started-at="2025-05-25T21:00:04 IST" name="closetest" finished-at="2025-05-25T21:00:05 IST" duration-ms="433" status="PASS">
          <reporter-output>
          </reporter-output>
        </test-method> <!-- closetest -->
      </class> <!-- selenium.Login -->
    </test> <!-- Default test -->
  </suite> <!-- Default suite -->
</testng-results>
